<?xml version="1.0" encoding="UTF-8"?>
<!-- Generated by org.testng.reporters.JUnitReportReporter -->
<testsuite skipped="0" hostname="Orlansoft-web6" name="com.orlansoft.mobiletestautomation.QuickTest" tests="1" failures="0" timestamp="2022-06-15T14:47:54 WIB" time="100.248" errors="0">
  <testcase name="basicTest" time="100.248" classname="com.orlansoft.mobiletestautomation.QuickTest"/>
  <system-out/>
</testsuite> <!-- com.orlansoft.mobiletestautomation.QuickTest -->
